<?xml version="1.0" encoding="UTF-8" standalone="no"?>
<testng-results failed="1" passed="1" skipped="0" total="2">
    <suite duration-ms="232" name="io.cucumber.core.plugin.TestNGFormatter">
        <test duration-ms="232" name="io.cucumber.core.plugin.TestNGFormatter">
            <class name="Runners and reports">
                <test-method duration-ms="12" finished-at="2023-09-16T19:07:30.409612200Z" name="Scenario 1" started-at="2023-09-16T19:07:30.381610500Z" status="PASS"/>
                <test-method duration-ms="7" finished-at="2023-09-16T19:07:30.476609500Z" name="Scenario 2" started-at="2023-09-16T19:07:30.461610Z" status="FAIL">
                    <exception class="java.lang.AssertionError">
                        <message><![CDATA[Given rr Scenario 2 Step 1..................................................passed
When rr Scenario 2 Step 2...................................................passed
Then rr is 1 equals to 2....................................................failed
]]></message>
                        <full-stacktrace><![CDATA[java.lang.AssertionError: expected [2] but found [1]
	at org.testng.Assert.fail(Assert.java:111)
	at org.testng.Assert.failNotEquals(Assert.java:1578)
	at org.testng.Assert.assertEqualsImpl(Assert.java:150)
	at org.testng.Assert.assertEquals(Assert.java:132)
	at org.testng.Assert.assertEquals(Assert.java:1419)
	at org.testng.Assert.assertEquals(Assert.java:1383)
	at org.testng.Assert.assertEquals(Assert.java:1429)
	at gun35_runners_reports.stepdefs.StepDefs35.rrIsEqualsTo(StepDefs35.java:14)
	at âœ½.rr is 1 equals to 2(file:///C:/Users/BirsenSelviCoskun/OneDrive%20-%20Everest%20Bildungsinstitut%20UG/Desktop/B3Selenium/src/main/java/gun35_runners_reports/features/Feature35.feature:14)
]]></full-stacktrace>
                    </exception>
                </test-method>
            </class>
        </test>
    </suite>
</testng-results>
